TN:
SF:/Users/lana/samus/chameleon-notation/src/linters/base.js
FN:6,(anonymous_0)
FNF:1
FNH:1
FNDA:10,(anonymous_0)
DA:4,1
DA:6,1
DA:7,10
DA:8,8
DA:10,6
DA:12,6
LF:6
LH:6
BRDA:7,0,0,2
BRDA:7,0,1,8
BRDA:8,1,0,2
BRDA:8,1,1,6
BRF:4
BRH:4
end_of_record
TN:
SF:/Users/lana/samus/chameleon-notation/src/utils/index.js
FNF:0
FNH:0
LF:0
LH:0
BRF:0
BRH:0
end_of_record
TN:
SF:/Users/lana/samus/chameleon-notation/src/utils/message.js
FN:1,(anonymous_0)
FN:4,(anonymous_1)
FN:30,(anonymous_2)
FN:40,(anonymous_3)
FN:53,(anonymous_4)
FNF:5
FNH:4
FNDA:9,(anonymous_0)
FNDA:0,(anonymous_1)
FNDA:6,(anonymous_2)
FNDA:9,(anonymous_3)
FNDA:15,(anonymous_4)
DA:1,1
DA:2,9
DA:4,0
DA:5,0
DA:7,0
DA:8,0
DA:11,0
DA:12,0
DA:15,0
DA:18,0
DA:21,1
DA:30,1
DA:31,6
DA:37,6
DA:40,1
DA:41,9
DA:42,9
DA:43,9
DA:44,9
DA:46,9
DA:53,1
DA:54,15
DA:56,9
LF:23
LH:15
BRDA:2,0,0,9
BRDA:2,0,1,0
BRDA:2,1,0,9
BRDA:2,1,1,0
BRDA:7,2,0,0
BRDA:7,2,1,0
BRDA:7,3,0,0
BRDA:7,3,1,0
BRDA:11,4,0,0
BRDA:11,4,1,0
BRDA:11,5,0,0
BRDA:11,5,1,0
BRDA:41,6,0,9
BRDA:41,6,1,0
BRDA:42,7,0,9
BRDA:42,7,1,9
BRDA:43,8,0,9
BRDA:43,8,1,0
BRDA:44,9,0,9
BRDA:44,9,1,9
BRDA:44,9,2,9
BRDA:54,10,0,6
BRDA:54,10,1,9
BRF:23
BRH:11
end_of_record
TN:
SF:/Users/lana/samus/chameleon-notation/src/linters/schemaLint.js
FN:8,(anonymous_0)
FN:13,(anonymous_1)
FN:25,(anonymous_2)
FN:30,(anonymous_3)
FN:32,(anonymous_4)
FNF:5
FNH:5
FNDA:1,(anonymous_0)
FNDA:1,(anonymous_1)
FNDA:8,(anonymous_2)
FNDA:9,(anonymous_3)
FNDA:9,(anonymous_4)
DA:6,1
DA:8,1
DA:9,1
DA:10,1
DA:13,1
DA:14,1
DA:20,1
DA:21,1
DA:22,1
DA:25,1
DA:26,8
DA:27,8
DA:30,9
DA:32,1
DA:33,9
DA:34,9
DA:36,9
LF:17
LH:17
BRDA:30,0,0,8
BRDA:30,0,1,1
BRF:2
BRH:2
end_of_record
TN:
SF:/Users/lana/samus/chameleon-notation/src/definitions/index.js
FNF:0
FNH:0
DA:12,1
DA:21,1
DA:25,1
LF:3
LH:3
BRF:0
BRH:0
end_of_record
TN:
SF:/Users/lana/samus/chameleon-notation/src/linters/keywords/index.js
FNF:0
FNH:0
LF:0
LH:0
BRF:0
BRH:0
end_of_record
TN:
SF:/Users/lana/samus/chameleon-notation/src/linters/keywords/allowedBooleanType.js
FN:6,myValidation
FNF:1
FNH:1
FNDA:1008,myValidation
DA:7,1008
DA:8,1008
DA:10,0
DA:12,0
DA:13,0
DA:15,0
DA:24,0
LF:7
LH:2
BRDA:8,0,0,1008
BRDA:8,0,1,0
BRDA:12,1,0,0
BRDA:12,1,1,0
BRDA:13,2,0,0
BRDA:13,2,1,0
BRF:6
BRH:1
end_of_record
TN:
SF:/Users/lana/samus/chameleon-notation/src/linters/keywords/withDecimals.js
FN:6,myValidation
FNF:1
FNH:1
FNDA:6,myValidation
DA:7,6
DA:9,6
DA:10,0
DA:12,0
DA:21,6
LF:5
LH:3
BRDA:7,0,0,6
BRDA:7,0,1,0
BRDA:9,1,0,0
BRDA:9,1,1,6
BRDA:10,2,0,0
BRDA:10,2,1,0
BRF:6
BRH:2
end_of_record
TN:
SF:/Users/lana/samus/chameleon-notation/src/linters/field.js
FN:8,(anonymous_0)
FN:23,(anonymous_1)
FNF:2
FNH:2
FNDA:5,(anonymous_0)
FNDA:3,(anonymous_1)
DA:5,1
DA:6,1
DA:8,1
DA:9,5
DA:10,5
DA:12,4
DA:13,4
DA:15,3
DA:17,3
DA:23,3
LF:10
LH:10
BRDA:10,0,0,1
BRDA:10,0,1,4
BRDA:13,1,0,1
BRDA:13,1,1,3
BRF:4
BRH:4
end_of_record
TN:
SF:/Users/lana/samus/chameleon-notation/src/linters/index.js
FN:7,(anonymous_0)
FN:27,(anonymous_1)
FNF:2
FNH:2
FNDA:6,(anonymous_0)
FNDA:6,(anonymous_1)
DA:5,1
DA:7,1
DA:10,6
DA:12,2
DA:13,2
DA:15,2
DA:16,2
DA:18,1
DA:19,1
DA:21,1
DA:24,6
DA:27,1
DA:28,6
DA:29,6
DA:31,6
DA:32,6
DA:34,6
LF:17
LH:17
BRDA:10,0,0,2
BRDA:10,0,1,2
BRDA:10,0,2,1
BRDA:10,0,3,1
BRDA:21,1,0,1
BRDA:21,1,1,0
BRDA:28,2,0,6
BRDA:28,2,1,3
BRDA:29,3,0,0
BRDA:29,3,1,6
BRDA:32,4,0,0
BRDA:32,4,1,6
BRF:12
BRH:9
end_of_record
